<?xml version="1.0" encoding="UTF-8"?>
<!-- Generated by org.testng.reporters.JUnitReportReporter -->
<testsuite skipped="0" hostname="Jonathans-MBP" name="ProyectoModulo3" tests="5" failures="0" timestamp="2020-11-02T22:13:05 CST" time="12.410" errors="0">
  <testcase name="PutNameTest" time="0.572" classname="ProyectoModulo3"/>
  <system-out/>
  <testcase name="SameNameTest" time="1.159" classname="ProyectoModulo3"/>
  <system-out/>
  <testcase name="StatusTest" time="0.840" classname="ProyectoModulo3"/>
  <system-out/>
  <testcase name="GetRandomNameAuthTest" time="9.175" classname="ProyectoModulo3"/>
  <system-out/>
  <testcase name="GetRandomNamewnAuthTest" time="0.664" classname="ProyectoModulo3"/>
  <system-out/>
</testsuite> <!-- ProyectoModulo3 -->
