<?xml version="1.0" encoding="UTF-8"?>
<!-- Generated by org.testng.reporters.JUnitReportReporter -->
<testsuite skipped="0" hostname="Jonathans-MBP" name="PingTests" tests="1" failures="0" timestamp="2020-11-02T20:06:48 CST" time="4.376" errors="0">
  <testcase name="Ping_Test" time="4.376" classname="PingTests"/>
  <system-out/>
</testsuite> <!-- PingTests -->
